<?xml version="1.0" encoding="utf-8"?><testsuites><testsuite name="pytest" errors="0" failures="0" skipped="0" tests="5" time="33.114" timestamp="2025-02-25T21:57:52.186545" hostname="Tasnim"><testcase classname="test.test_data_preparation" name="test_prepare_data" time="0.118" /><testcase classname="test.test_integration" name="test_pipeline" time="13.932" /><testcase classname="test.test_model_evaluation" name="test_evaluate_model" time="0.269" /><testcase classname="test.test_performance" name="test_train_model" time="4.140" /><testcase classname="test.test_performance" name="test_model_accuracy" time="11.406" /></testsuite></testsuites>